<?xml version="1.0" encoding="utf-8"?><testsuites name="pytest tests"><testsuite name="pytest" errors="0" failures="0" skipped="0" tests="17" time="0.345" timestamp="2025-10-30T20:09:03.118516-03:00" hostname="DESKTOP-E4DMBUH"><testcase classname="test.rest.api_test.TestApi" name="test_api_add" time="0.046" /><testcase classname="test.rest.api_test.TestApi" name="test_api_add_invalid_parameter" time="0.024" /><testcase classname="test.rest.api_test.TestApi" name="test_api_divide" time="0.015" /><testcase classname="test.rest.api_test.TestApi" name="test_api_divide_by_zero" time="0.002" /><testcase classname="test.rest.api_test.TestApi" name="test_api_divide_invalid_parameter" time="0.012" /><testcase classname="test.rest.api_test.TestApi" name="test_api_log10" time="0.015" /><testcase classname="test.rest.api_test.TestApi" name="test_api_log10_negative" time="0.014" /><testcase classname="test.rest.api_test.TestApi" name="test_api_log10_zero" time="0.014" /><testcase classname="test.rest.api_test.TestApi" name="test_api_multiply" time="0.015" /><testcase classname="test.rest.api_test.TestApi" name="test_api_multiply_invalid_parameter" time="0.015" /><testcase classname="test.rest.api_test.TestApi" name="test_api_power" time="0.002" /><testcase classname="test.rest.api_test.TestApi" name="test_api_power_invalid_parameter" time="0.026" /><testcase classname="test.rest.api_test.TestApi" name="test_api_sqrt" time="0.014" /><testcase classname="test.rest.api_test.TestApi" name="test_api_sqrt_invalid_parameter" time="0.015" /><testcase classname="test.rest.api_test.TestApi" name="test_api_sqrt_negative" time="0.002" /><testcase classname="test.rest.api_test.TestApi" name="test_api_substract" time="0.027" /><testcase classname="test.rest.api_test.TestApi" name="test_api_substract_invalid_parameter" time="0.015" /></testsuite></testsuites>