<?xml version="1.0" encoding="utf-8"?><testsuites name="pytest tests"><testsuite name="pytest" errors="0" failures="0" skipped="0" tests="23" time="0.174" timestamp="2025-10-30T20:05:51.157739-03:00" hostname="DESKTOP-E4DMBUH"><testcase classname="test.unit.calc_test.TestCalculate" name="test_add_method_fails_with_nan_parameter" time="0.003" /><testcase classname="test.unit.calc_test.TestCalculate" name="test_add_method_returns_correct_result" time="0.001" /><testcase classname="test.unit.calc_test.TestCalculate" name="test_divide_method_fails_with_division_by_zero" time="0.001" /><testcase classname="test.unit.calc_test.TestCalculate" name="test_divide_method_fails_with_nan_parameter" time="0.001" /><testcase classname="test.unit.calc_test.TestCalculate" name="test_divide_method_returns_correct_result" time="0.001" /><testcase classname="test.unit.calc_test.TestCalculate" name="test_log10_method_fails_with_nan_parameter" time="0.001" /><testcase classname="test.unit.calc_test.TestCalculate" name="test_log10_method_fails_with_non_positive_number" time="0.001" /><testcase classname="test.unit.calc_test.TestCalculate" name="test_log10_method_returns_correct_result" time="0.001" /><testcase classname="test.unit.calc_test.TestCalculate" name="test_multiply_method_fails_with_nan_parameter" time="0.001" /><testcase classname="test.unit.calc_test.TestCalculate" name="test_multiply_method_returns_correct_result" time="0.001" /><testcase classname="test.unit.calc_test.TestCalculate" name="test_power_method_fails_with_nan_parameter" time="0.001" /><testcase classname="test.unit.calc_test.TestCalculate" name="test_power_method_returns_correct_result" time="0.001" /><testcase classname="test.unit.calc_test.TestCalculate" name="test_sqrt_method_fails_with_nan_parameter" time="0.001" /><testcase classname="test.unit.calc_test.TestCalculate" name="test_sqrt_method_fails_with_negative_number" time="0.001" /><testcase classname="test.unit.calc_test.TestCalculate" name="test_sqrt_method_returns_correct_result" time="0.001" /><testcase classname="test.unit.calc_test.TestCalculate" name="test_substract_method_fails_with_nan_parameter" time="0.001" /><testcase classname="test.unit.calc_test.TestCalculate" name="test_substract_method_returns_correct_result" time="0.001" /><testcase classname="test.unit.util_test.TestUtil" name="test_convert_to_number_correct_param" time="0.001" /><testcase classname="test.unit.util_test.TestUtil" name="test_convert_to_number_invalid_type" time="0.001" /><testcase classname="test.unit.util_test.TestUtil" name="test_convert_to_number_with_floats" time="0.001" /><testcase classname="test.unit.util_test.TestUtil" name="test_convert_to_number_with_negative_integers" time="0.001" /><testcase classname="test.unit.util_test.TestUtil" name="test_validate_permissions_other_user" time="0.001" /><testcase classname="test.unit.util_test.TestUtil" name="test_validate_permissions_user1" time="0.001" /></testsuite></testsuites>